[04/04/21 14:10:38] "Heart Touching Naat _ Hai Sitam Gar Zamana _ Bula Lo Madina _ Mufti Abdullah Bin Abbas _ YS Pro-1080p.mkv" | /home/uali69810/Downloads/Heart Touching Naat _ Hai Sitam Gar Zamana _ Bula Lo Madina _ Mufti Abdullah Bin Abbas _ YS Pro-1080p.mkv
[04/04/21 14:41:20] "Log Horizon: Entaku Houkai Ep 06.mkv" | /external/My-Files/Anime/Log Horizon: Entaku Houkai/Log Horizon: Entaku Houkai Ep 06.mkv
[04/04/21 14:41:21] "Log Horizon: Entaku Houkai Ep 05.mkv" | /external/My-Files/Anime/Log Horizon: Entaku Houkai/Log Horizon: Entaku Houkai Ep 05.mkv
[04/04/21 14:41:26] "Log Horizon: Entaku Houkai Ep 04.mkv" | /external/My-Files/Anime/Log Horizon: Entaku Houkai/Log Horizon: Entaku Houkai Ep 04.mkv
[04/04/21 18:58:59] "PRIME MINISTER IMRAN KHAN SAY'S AAP NE GHABRANA NAHI HAI - SAAD ALAVI SONG.webm" | /home/uali69810/Downloads/Videos/PRIME MINISTER IMRAN KHAN SAY'S AAP NE GHABRANA NAHI HAI - SAAD ALAVI SONG.webm
[04/04/21 19:26:51] "Log Horizon: Entaku Houkai Ep 08.mkv" | /external/My-Files/Anime/Log Horizon: Entaku Houkai/Log Horizon: Entaku Houkai Ep 08.mkv
[04/04/21 19:53:32] "shishunki-sex-2-720p-v1x.mp4" | /external/My-Files/Anime/hanime/shishunki-sex-2-720p-v1x.mp4
[04/04/21 19:58:19] "Log Horizon: Entaku Houkai Ep 09.mkv" | /external/My-Files/Anime/Log Horizon: Entaku Houkai/Log Horizon: Entaku Houkai Ep 09.mkv
[04/04/21 20:19:33] "Log Horizon: Entaku Houkai Ep 10.mkv" | /external/My-Files/Anime/Log Horizon: Entaku Houkai/Log Horizon: Entaku Houkai Ep 10.mkv
[04/04/21 20:35:25] "Log Horizon: Entaku Houkai Ep 11.mkv" | /external/My-Files/Anime/Log Horizon: Entaku Houkai/Log Horizon: Entaku Houkai Ep 11.mkv
[04/04/21 20:55:09] "Log Horizon: Entaku Houkai Ep 12.mp4" | /external/My-Files/Anime/Log Horizon: Entaku Houkai/Log Horizon: Entaku Houkai Ep 12.mp4
[04/04/21 21:06:17] "One Outs Ep 1.mp4" | /home/uali69810/Downloads/Videos/One Outs/One Outs Ep 1.mp4
[04/04/21 22:31:06] "PRIME MINISTER IMRAN KHAN SAY'S AAP NE GHABRANA NAHI HAI - SAAD ALAVI SONG part .webm" | /home/uali69810/Downloads/Videos/PRIME MINISTER IMRAN KHAN SAY'S AAP NE GHABRANA NAHI HAI - SAAD ALAVI SONG part .webm
[04/04/21 23:03:22] "(Hi10)_Black_Clover_-_169_(720p)_(Erai-Raws)_(83D329D1).mkv" | /home/uali69810/Downloads/Videos/(Hi10)_Black_Clover_-_169_(720p)_(Erai-Raws)_(83D329D1).mkv
[04/04/21 23:27:43] "(Hi10)_Black_Clover_-_170_(720p)_(Erai-Raws)_(DB90BFC7).mkv" | /home/uali69810/Downloads/Videos/(Hi10)_Black_Clover_-_170_(720p)_(Erai-Raws)_(DB90BFC7).mkv
[04/04/21 23:34:24] "shishunki-sex-3-720p-v1x.mp4" | /external/My-Files/Anime/hanime/shishunki-sex-3-720p-v1x.mp4
[04/04/21 23:59:57] "Majo no Tabitabi Ep 1.mp4" | /external/My-Files/Anime/Majo no Tabitabi/Majo no Tabitabi Ep 1.mp4
[05/04/21 00:22:28] "Majo no Tabitabi Ep 2.mp4" | /external/My-Files/Anime/Majo no Tabitabi/Majo no Tabitabi Ep 2.mp4
[05/04/21 00:44:57] "Majo no Tabitabi Ep 3.mp4" | /external/My-Files/Anime/Majo no Tabitabi/Majo no Tabitabi Ep 3.mp4
[05/04/21 11:35:03] "Majo no Tabitabi Ep 4.mp4" | /external/My-Files/Anime/Majo no Tabitabi/Majo no Tabitabi Ep 4.mp4
[05/04/21 12:12:13] "07-Ghost Ep 05.mkv" | /external/My-Files/Anime/07-Ghost/07-Ghost Ep 05.mkv
[05/04/21 12:12:13] "07-Ghost Ep 06.mkv" | /external/My-Files/Anime/07-Ghost/07-Ghost Ep 06.mkv
[05/04/21 12:12:13] "07-Ghost Ep 07.mkv" | /external/My-Files/Anime/07-Ghost/07-Ghost Ep 07.mkv
[05/04/21 12:12:13] "07-Ghost Ep 08.mkv" | /external/My-Files/Anime/07-Ghost/07-Ghost Ep 08.mkv
[05/04/21 12:12:14] "07-Ghost Ep 09.mkv" | /external/My-Files/Anime/07-Ghost/07-Ghost Ep 09.mkv
[05/04/21 12:14:34] "07-Ghost Ep 03.mkv" | /external/My-Files/Anime/07-Ghost/07-Ghost Ep 03.mkv
[05/04/21 12:20:52] "07-Ghost Ep 04.mkv" | /external/My-Files/Anime/07-Ghost/07-Ghost Ep 04.mkv
[05/04/21 12:24:03] "Majo no Tabitabi Ep 5.mp4" | /external/My-Files/Anime/Majo no Tabitabi/Majo no Tabitabi Ep 5.mp4
[05/04/21 12:45:16] "Majo no Tabitabi Ep 6.mp4" | /external/My-Files/Anime/Majo no Tabitabi/Majo no Tabitabi Ep 6.mp4
[05/04/21 13:08:56] "Majo no Tabitabi Ep 7.mp4" | /external/My-Files/Anime/Majo no Tabitabi/Majo no Tabitabi Ep 7.mp4
[05/04/21 13:25:59] "Majo no Tabitabi Ep 8.mp4" | /external/My-Files/Anime/Majo no Tabitabi/Majo no Tabitabi Ep 8.mp4
[05/04/21 17:20:52] "Juubee-chan_Lovely_Gantai_no_Himitsu Ep 01.mp4" | /home/uali69810/Downloads/Videos/Juubee-chan_Lovely_Gantai_no_Himitsu/Juubee-chan_Lovely_Gantai_no_Himitsu Ep 01.mp4
[05/04/21 21:51:03] "Majo no Tabitabi Ep 9.mp4" | /external/My-Files/Anime/Majo no Tabitabi/Majo no Tabitabi Ep 9.mp4
[05/04/21 22:13:32] "Majo no Tabitabi Ep 10.mp4" | /external/My-Files/Anime/Majo no Tabitabi/Majo no Tabitabi Ep 10.mp4
[05/04/21 22:47:11] "Majo no Tabitabi Ep 11.mp4" | /external/My-Files/Anime/Majo no Tabitabi/Majo no Tabitabi Ep 11.mp4
[06/04/21 15:52:13] "Majo no Tabitabi Ep 12.mp4" | /external/My-Files/Anime/Majo no Tabitabi/Majo no Tabitabi Ep 12.mp4
[06/04/21 16:26:33] "Umi Monogatari ~Anata ga Ite Kureta Koto~ 01" | /external/My-Files/Anime/Umi Monogatari: Anata ga Ite Kureta Koto/Umi Monogatari: Anata ga Ite Kureta Koto Ep 01.mkv
[06/04/21 16:43:58] "Umi Monogatari: Anata ga Ite Kureta Koto Ep 02.mkv" | /external/My-Files/Anime/Umi Monogatari: Anata ga Ite Kureta Koto/Umi Monogatari: Anata ga Ite Kureta Koto Ep 02.mkv
[06/04/21 17:52:16] "Umi Monogatari: Anata ga Ite Kureta Koto Ep 03.mkv" | /external/My-Files/Anime/Umi Monogatari: Anata ga Ite Kureta Koto/Umi Monogatari: Anata ga Ite Kureta Koto Ep 03.mkv
[06/04/21 18:15:58] "Umi Monogatari: Anata ga Ite Kureta Koto Ep 04.mkv" | /external/My-Files/Anime/Umi Monogatari: Anata ga Ite Kureta Koto/Umi Monogatari: Anata ga Ite Kureta Koto Ep 04.mkv
[06/04/21 18:55:50] "Umi Monogatari: Anata ga Ite Kureta Koto Ep 05.mkv" | /external/My-Files/Anime/Umi Monogatari: Anata ga Ite Kureta Koto/Umi Monogatari: Anata ga Ite Kureta Koto Ep 05.mkv
[06/04/21 19:22:12] "Dan_Doh!! Ep 01.mp4" | /home/uali69810/Downloads/Videos/Dan_Doh!!/Dan_Doh!! Ep 01.mp4
[06/04/21 20:33:26] "Samurai 7 Ep 1.mp4" | /home/uali69810/Downloads/Videos/Samurai 7/Samurai 7 Ep 1.mp4
[06/04/21 21:36:53] "Samurai 7 Ep 16.mp4" | /home/uali69810/Downloads/Videos/Samurai 7/Samurai 7 Ep 16.mp4
[06/04/21 21:37:04] "Samurai 7 Ep 23.mp4" | /home/uali69810/Downloads/Videos/Samurai 7/Samurai 7 Ep 23.mp4
[06/04/21 21:37:19] "Samurai 7 Ep 26.mp4" | /home/uali69810/Downloads/Videos/Samurai 7/Samurai 7 Ep 26.mp4
[06/04/21 23:27:18] "uwu.m3u8" | https://files-na-c1.nextstream.org/stream/0003/4d2fdb51e7a07726c274c2144086bac549c68868002a19285f539835ff357b85/uwu.m3u8
[06/04/21 23:27:48] "Umi Monogatari: Anata ga Ite Kureta Koto Ep 06.mkv" | /external/My-Files/Anime/Umi Monogatari: Anata ga Ite Kureta Koto/Umi Monogatari: Anata ga Ite Kureta Koto Ep 06.mkv
[07/04/21 07:45:29] "Elf Ban Kakyuusei  - OST CM (DVDRip 720x480p x265 HEVC AC3 2.0)[sxales].mkv" | /home/uali69810/Downloads/Elf Ban Kakyuusei (DVDRip 720x480p x265 HEVC AC3 2.0)[sxales]/Elf Ban Kakyuusei  - OST CM (DVDRip 720x480p x265 HEVC AC3 2.0)[sxales].mkv
[07/04/21 07:56:04] "Juubee-chan_Lovely_Gantai_no_Himitsu Ep 03.mp4" | /home/uali69810/Downloads/Videos/Juubee-chan/Juubee-chan_Lovely_Gantai_no_Himitsu/Juubee-chan_Lovely_Gantai_no_Himitsu Ep 03.mp4
[07/04/21 08:06:37] "Mezzo Forte Storyboard Ep 01.mkv" | /home/uali69810/Downloads/Videos/Mezzo/[2] Mezzo Forte/Mezzo Forte Storyboard Ep 01.mkv
[07/04/21 08:06:40] "Mezzo Forte Storyboard Ep 02.mkv" | /home/uali69810/Downloads/Videos/Mezzo/[2] Mezzo Forte/Mezzo Forte Storyboard Ep 02.mkv
[07/04/21 08:46:59] "Fantastic Children Ep 01.mkv" | /home/uali69810/Downloads/Fantastic Children/[1] Fantastic Children/Fantastic Children Ep 01.mkv
[07/04/21 08:55:00] "Chrno Crusade Ep 01.mkv" | /home/uali69810/Downloads/Chrno Crusade/[1] Chrno Crusade/Chrno Crusade Ep 01.mkv
[07/04/21 08:55:46] "Episode 01 - The Fortress of the Deity" | /home/uali69810/Downloads/Choujuushin Gravion (BD 720p) (NakamaSub)/Choujuushin Gravion - 01 (BD 720p) (Kira-Fansub) (NakamaSub).mkv
[07/04/21 15:48:49] "Tensei shitara Slime Datta Ken 2nd Season 
[10/04/21 23:33:26] "Koe No Katachi AMV - Little Do You Know_Full-HD.mp4" | /external/My-Files/Videos/Koe No Katachi AMV - Little Do You Know_Full-HD.mp4
[10/04/21 23:36:43] "Koe No Katachi  RISE「ＡＭＶ」_HD_60fps.mp4" | /external/My-Files/Videos/Koe No Katachi  RISE「ＡＭＶ」_HD_60fps.mp4
[10/04/21 23:41:09] "Legends Never Die _ AMV _ Anime Mix _ Jasi Amvs_HD.mp4" | /external/My-Files/Videos/Legends Never Die _ AMV _ Anime Mix _ Jasi Amvs_HD.mp4
[10/04/21 23:45:03] "Nisekoi「AMV」- Shape of You_Full-HD.mp4" | /external/My-Files/Videos/Nisekoi「AMV」- Shape of You_Full-HD.mp4
[10/04/21 23:46:01] "PRIME MINISTER IMRAN KHAN SAY'S AAP NE GHABRANA NAHI HAI - SAAD ALAVI SONG_Full-HD.mp4" | /external/My-Files/Videos/PRIME MINISTER IMRAN KHAN SAY'S AAP NE GHABRANA NAHI HAI - SAAD ALAVI SONG_Full-HD.mp4
[10/04/21 23:50:37] "Rumors _ AMV _ Anime Mix_Full-HD.mp4" | /external/My-Files/Videos/Rumors _ AMV _ Anime Mix_Full-HD.mp4
[10/04/21 23:53:52] "Sami Yusuf  Hasbi Rabbi (With Urdu English Translation)_Full-HD.mp4" | /external/My-Files/Videos/Sami Yusuf  Hasbi Rabbi (With Urdu English Translation)_Full-HD.mp4
[10/04/21 23:57:59] "Stronger - AMV - Anime Mix_Full-HD.mp4" | /external/My-Files/Videos/Stronger - AMV - Anime Mix_Full-HD.mp4
[10/04/21 23:58:40] "VID-20210108-WA0058.mp4" | /external/My-Files/Videos/VID-20210108-WA0058.mp4
[11/04/21 00:01:21] "528740694665247" | /external/My-Files/Videos/VID-20210113-WA0114.mp4
[11/04/21 00:04:54] "1187275708138490" | /external/My-Files/Videos/VID-20210113-WA0115.mp4
[11/04/21 00:06:25] "VID-20210114-WA0147.mp4" | /external/My-Files/Videos/VID-20210114-WA0147.mp4
[11/04/21 00:07:55] "VID-20210115-WA0248.mp4" | /external/My-Files/Videos/VID-20210115-WA0248.mp4
[11/04/21 00:09:26] "VID-20210118-WA0144.mp4" | /external/My-Files/Videos/VID-20210118-WA0144.mp4
[11/04/21 00:12:58] "VID-20210216-WA0067.mp4" | /external/My-Files/Videos/VID-20210216-WA0067.mp4
[11/04/21 00:14:28] "VID-20210217-WA0078.mp4" | /external/My-Files/Videos/VID-20210217-WA0078.mp4
[11/04/21 00:17:42] "شاهد إبداعات الصين في الانمي الجديد ( KUIYU CHOUYUAN ) مع موسيقى حماسية_HD.mp4" | /external/My-Files/Videos/شاهد إبداعات الصين في الانمي الجديد ( KUIYU CHOUYUAN ) مع موسيقى حماسية_HD.mp4
[11/04/21 00:21:09] "「AMV」 ▪Shanks▪      Believer_Full-HD.mp4" | /external/My-Files/Videos/「AMV」 ▪Shanks▪      Believer_Full-HD.mp4
[11/04/21 00:23:30] "「AMV」- Mix AMV- Light That Fire _ MAD•AMV_Full-HD.mp4" | /external/My-Files/Videos/「AMV」- Mix AMV- Light That Fire _ MAD•AMV_Full-HD.mp4
[11/04/21 00:27:37] "[MIX AMV] شاهد الجديد مجز لأفضل قتالات الانمي مقطع حماسي_Full-HD.mp4" | /external/My-Files/Videos/[MIX AMV] شاهد الجديد مجز لأفضل قتالات الانمي مقطع حماسي_Full-HD.mp4
[11/04/21 00:31:14] "[MMV] Solo Leveling _ Nothing In The Story※S1ネタバレ注意_HD.mp4" | /external/My-Files/Videos/[MMV] Solo Leveling _ Nothing In The Story※S1ネタバレ注意_HD.mp4
[11/04/21 00:34:47] "Anime Mix - Be Somebody AMV_Full-HD.mp4" | /external/My-Files/Videos/Anime Mix - Be Somebody AMV_Full-HD.mp4
[11/04/21 00:37:12] "Anime Mix AMV اروع قتالات الانمي حماس ع الاخر_Full-HD.mp4" | /external/My-Files/Videos/Anime Mix AMV اروع قتالات الانمي حماس ع الاخر_Full-HD.mp4
[11/04/21 00:40:50] "AUD-20201230-WA0024.mp3" | /external/My-Files/Videos/AUD-20201230-WA0024.mp3
[11/04/21 00:44:45] "AUD-20210216-WA0024.mp3" | /external/My-Files/Videos/AUD-20210216-WA0024.mp3
[11/04/21 00:53:11] "Bol Kaffara Kya Hoga   Original Qawwali Version   Dil Galti Kar Baitha Hai 2021_HD.mp4" | /external/My-Files/Videos/Bol Kaffara Kya Hoga   Original Qawwali Version   Dil Galti Kar Baitha Hai 2021_HD.mp4
[11/04/21 00:56:35] "Chinese Animes「AMV」- Feel Invincible_HD.mp4" | /external/My-Files/Videos/Chinese Animes「AMV」- Feel Invincible_HD.mp4
[11/04/21 01:07:03] "Coke Studio Season 8 - Tajdar-e-Haram - Atif Aslam_Full-HD.mp4" | /external/My-Files/Videos/Coke Studio Season 8 - Tajdar-e-Haram - Atif Aslam_Full-HD.mp4
[11/04/21 01:22:01] "Edward Newgate AMV - [ The Strongest Man - Courtesy Call ]_HIGH.mp4" | /external/My-Files/Videos/Edward Newgate AMV - [ The Strongest Man - Courtesy Call ]_HIGH.mp4
[11/04/21 01:25:01] "Imran Khan _ Satisfya (Official Music Video ) _ Best anime Hindi amv song 2019_HD.mp4" | /external/My-Files/Videos/Imran Khan _ Satisfya (Official Music Video ) _ Best anime Hindi amv song 2019_HD.mp4
[16/04/21 09:11:18] "1 [Mp4upload].mp4" | /home/uali69810/Documents/Mangas/Isekai Quartet/1 [Mp4upload].mp4
[20/04/21 02:08:01] "Kami-tachi ni Hirowareta Otoko Ep 1.mp4" | /home/uali69810/Downloads/Videos/Kami-tachi ni Hirowareta Otoko/Kami-tachi ni Hirowareta Otoko Ep 1.mp4
[20/04/21 02:23:35] "Kami-tachi ni Hirowareta Otoko Ep 2.mp4" | /home/uali69810/Downloads/Videos/Kami-tachi ni Hirowareta Otoko/Kami-tachi ni Hirowareta Otoko Ep 2.mp4
[20/04/21 11:12:02] "Kami-tachi ni Hirowareta Otoko Ep 3.mp4" | /home/uali69810/Downloads/Videos/Kami-tachi ni Hirowareta Otoko/Kami-tachi ni Hirowareta Otoko Ep 3.mp4
[20/04/21 11:26:25] "Kami-tachi ni Hirowareta Otoko Ep 4.mp4" | /home/uali69810/Downloads/Videos/Kami-tachi ni Hirowareta Otoko/Kami-tachi ni Hirowareta Otoko Ep 4.mp4
[20/04/21 11:45:24] "Kami-tachi ni Hirowareta Otoko Ep 5.mp4" | /home/uali69810/Downloads/Videos/Kami-tachi ni Hirowareta Otoko/Kami-tachi ni Hirowareta Otoko Ep 5.mp4
[20/04/21 13:15:47] "Kami-tachi ni Hirowareta Otoko Ep 6.mp4" | /home/uali69810/Downloads/Videos/Kami-tachi ni Hirowareta Otoko/Kami-tachi ni Hirowareta Otoko Ep 6.mp4
[20/04/21 13:34:34] "Kami-tachi ni Hirowareta Otoko Ep 7.mp4" | /home/uali69810/Downloads/Videos/Kami-tachi ni Hirowareta Otoko/Kami-tachi ni Hirowareta Otoko Ep 7.mp4
[20/04/21 13:55:30] "Kami-tachi ni Hirowareta Otoko Ep 8.mp4" | /home/uali69810/Downloads/Videos/Kami-tachi ni Hirowareta Otoko/Kami-tachi ni Hirowareta Otoko Ep 8.mp4
[20/04/21 14:16:28] "Kami-tachi ni Hirowareta Otoko Ep 9.mp4" | /home/uali69810/Downloads/Videos/Kami-tachi ni Hirowareta Otoko/Kami-tachi ni Hirowareta Otoko Ep 9.mp4
[20/04/21 14:34:12] "Kami-tachi ni Hirowareta Otoko Ep 10.mp4" | /home/uali69810/Downloads/Videos/Kami-tachi ni Hirowareta Otoko/Kami-tachi ni Hirowareta Otoko Ep 10.mp4
[20/04/21 14:50:32] "Kami-tachi ni Hirowareta Otoko Ep 11.mp4" | /home/uali69810/Downloads/Videos/Kami-tachi ni Hirowareta Otoko/Kami-tachi ni Hirowareta Otoko Ep 11.mp4
[20/04/21 15:14:11] "Kami-tachi ni Hirowareta Otoko Ep 12.mp4" | /home/uali69810/Downloads/Videos/Kami-tachi ni Hirowareta Otoko/Kami-tachi ni Hirowareta Otoko Ep 12.mp4
[20/04/21 15:14:54] "Kami-tachi ni Hirowareta Otoko.jpg" | /home/uali69810/Downloads/Videos/Kami-tachi ni Hirowareta Otoko/Kami-tachi ni Hirowareta Otoko.jpg
[21/04/21 17:00:49] "Horimiya Ep 01.mkv" | /external/My-Files/Anime/Horimiya/Horimiya Ep 01.mkv
[21/04/21 17:30:55] "Horimiya Ep 02.mkv" | /external/My-Files/Anime/Horimiya/Horimiya Ep 02.mkv
[21/04/21 17:51:50] "Horimiya Ep 03.mkv" | /external/My-Files/Anime/Horimiya/Horimiya Ep 03.mkv
[21/04/21 18:14:38] "Horimiya Ep 04.mkv" | /external/My-Files/Anime/Horimiya/Horimiya Ep 04.mkv
[21/04/21 19:43:46] "Horimiya Ep 05.mkv" | /external/My-Files/Anime/Horimiya/Horimiya Ep 05.mkv
[21/04/21 20:11:46] "Horimiya Ep 06.mkv" | /external/My-Files/Anime/Horimiya/Horimiya Ep 06.mkv
[21/04/21 20:34:55] "Horimiya Ep 07.mkv" | /external/My-Files/Anime/Horimiya/Horimiya Ep 07.mkv
[21/04/21 20:56:47] "Horimiya Ep 08.mkv" | /external/My-Files/Anime/Horimiya/Horimiya Ep 08.mkv
[21/04/21 21:17:33] "Horimiya Ep 09.mkv" | /external/My-Files/Anime/Horimiya/Horimiya Ep 09.mkv
[21/04/21 21:38:56] "Horimiya Ep 10.mkv" | /external/My-Files/Anime/Horimiya/Horimiya Ep 10.mkv
[21/04/21 22:01:00] "Horimiya Ep 11.mkv" | /external/My-Files/Anime/Horimiya/Horimiya Ep 11.mkv
[22/04/21 09:26:34] "Futakoi Ep 01.mkv" | /external/My-Files/Anime/Futakoi/Futakoi Ep 01.mkv
[22/04/21 15:49:51] "Yuukoku no Moriarty Ep 3.mkv" | /external/My-Files/Anime/Yuukoku no Moriarty/Yuukoku no Moriarty Ep 3.mkv
[22/04/21 15:51:16] "Dil Galti Kar Baitha Hai AMV __ Hindi AMV __ JalRaj_HD.mp4" | /external/My-Files/Videos/Dil Galti Kar Baitha Hai AMV __ Hindi AMV __ JalRaj_HD.mp4
[22/04/21 20:21:29] "Futakoi Ep 06.mkv" | /external/My-Files/Anime/Futakoi/Futakoi Ep 06.mkv
[22/04/21 20:34:28] "Futakoi Ep 02.mkv" | /external/My-Files/Anime/Futakoi/Futakoi Ep 02.mkv
[22/04/21 20:34:29] "Futakoi Ep 03.mkv" | /external/My-Files/Anime/Futakoi/Futakoi Ep 03.mkv
[22/04/21 20:37:20] "Futakoi Ep 05.mkv" | /external/My-Files/Anime/Futakoi/Futakoi Ep 05.mkv
[22/04/21 20:37:33] "Futakoi Ep 04.mkv" | /external/My-Files/Anime/Futakoi/Futakoi Ep 04.mkv
[22/04/21 20:48:40] "07-Ghost Ep 02.mkv" | /external/My-Files/Anime/07-Ghost/07-Ghost Ep 02.mkv
[22/04/21 23:02:07] "07-Ghost Ep 01.mkv" | /external/My-Files/Anime/07-Ghost/07-Ghost Ep 01.mkv
